<?xml version="1.0" encoding="UTF-8"?>
<!-- Generated by org.testng.reporters.JUnitReportReporter -->
<testsuite skipped="17" hostname="7480-F6MB4M2" name="com.smarsh.ccm.testEmployees.MGBasicTests" tests="20" failures="1" timestamp="23 Sep 2019 12:24:14 GMT" time="35.144" errors="1">
  <testcase name="C6059217_verifyRelNot" time="0.012" classname="com.smarsh.ccm.testEmployees.MGBasicTests">
    <error type="java.lang.NullPointerException">
      <![CDATA[java.lang.NullPointerException
at com.smarsh.ccm.testEmployees.MGBasicTests.C6059217_verifyRelNot(MGBasicTests.java:126)
at sun.reflect.NativeMethodAccessorImpl.invoke0(Native Method)
at sun.reflect.NativeMethodAccessorImpl.invoke(NativeMethodAccessorImpl.java:62)
at sun.reflect.DelegatingMethodAccessorImpl.invoke(DelegatingMethodAccessorImpl.java:43)
at java.lang.reflect.Method.invoke(Method.java:498)
at org.testng.internal.MethodInvocationHelper.invokeMethod(MethodInvocationHelper.java:124)
at org.testng.internal.Invoker.invokeMethod(Invoker.java:580)
at org.testng.internal.Invoker.invokeTestMethod(Invoker.java:716)
at org.testng.internal.Invoker.invokeTestMethods(Invoker.java:988)
at org.testng.internal.TestMethodWorker.invokeTestMethods(TestMethodWorker.java:125)
at org.testng.internal.TestMethodWorker.run(TestMethodWorker.java:109)
at org.testng.TestRunner.privateRun(TestRunner.java:648)
at org.testng.TestRunner.run(TestRunner.java:505)
at org.testng.SuiteRunner.runTest(SuiteRunner.java:455)
at org.testng.SuiteRunner.runSequentially(SuiteRunner.java:450)
at org.testng.SuiteRunner.privateRun(SuiteRunner.java:415)
at org.testng.SuiteRunner.run(SuiteRunner.java:364)
at org.testng.SuiteRunnerWorker.runSuite(SuiteRunnerWorker.java:52)
at org.testng.SuiteRunnerWorker.run(SuiteRunnerWorker.java:84)
at org.testng.TestNG.runSuitesSequentially(TestNG.java:1208)
at org.testng.TestNG.runSuitesSequentially(TestNG.java:1204)
at org.testng.TestNG.runSuitesLocally(TestNG.java:1137)
at org.testng.TestNG.runSuites(TestNG.java:1049)
at org.testng.TestNG.run(TestNG.java:1017)
at org.testng.remote.AbstractRemoteTestNG.run(AbstractRemoteTestNG.java:114)
at org.testng.remote.RemoteTestNG.initAndRun(RemoteTestNG.java:251)
at org.testng.remote.RemoteTestNG.main(RemoteTestNG.java:77)
]]>
    </error>
  </testcase> <!-- C6059217_verifyRelNot -->
  <testcase name="C2128595_isLoginPageDispCorrectly" time="8.837" classname="com.smarsh.ccm.testEmployees.MGBasicTests"/>
  <testcase name="C2128596_TetsLogin" time="26.295" classname="com.smarsh.ccm.testEmployees.MGBasicTests">
    <failure type="java.lang.AssertionError" message="expected [true] but found [false]">
      <![CDATA[java.lang.AssertionError: expected [true] but found [false]
at org.testng.Assert.fail(Assert.java:96)
at org.testng.Assert.failNotEquals(Assert.java:776)
at org.testng.Assert.assertTrue(Assert.java:44)
at org.testng.Assert.assertTrue(Assert.java:54)
at com.smarsh.ccm.testEmployees.MGBasicTests.C2128596_TetsLogin(MGBasicTests.java:119)
at sun.reflect.NativeMethodAccessorImpl.invoke0(Native Method)
at sun.reflect.NativeMethodAccessorImpl.invoke(NativeMethodAccessorImpl.java:62)
at sun.reflect.DelegatingMethodAccessorImpl.invoke(DelegatingMethodAccessorImpl.java:43)
at java.lang.reflect.Method.invoke(Method.java:498)
at org.testng.internal.MethodInvocationHelper.invokeMethod(MethodInvocationHelper.java:124)
at org.testng.internal.Invoker.invokeMethod(Invoker.java:580)
at org.testng.internal.Invoker.invokeTestMethod(Invoker.java:716)
at org.testng.internal.Invoker.invokeTestMethods(Invoker.java:988)
at org.testng.internal.TestMethodWorker.invokeTestMethods(TestMethodWorker.java:125)
at org.testng.internal.TestMethodWorker.run(TestMethodWorker.java:109)
at org.testng.TestRunner.privateRun(TestRunner.java:648)
at org.testng.TestRunner.run(TestRunner.java:505)
at org.testng.SuiteRunner.runTest(SuiteRunner.java:455)
at org.testng.SuiteRunner.runSequentially(SuiteRunner.java:450)
at org.testng.SuiteRunner.privateRun(SuiteRunner.java:415)
at org.testng.SuiteRunner.run(SuiteRunner.java:364)
at org.testng.SuiteRunnerWorker.runSuite(SuiteRunnerWorker.java:52)
at org.testng.SuiteRunnerWorker.run(SuiteRunnerWorker.java:84)
at org.testng.TestNG.runSuitesSequentially(TestNG.java:1208)
at org.testng.TestNG.runSuitesSequentially(TestNG.java:1204)
at org.testng.TestNG.runSuitesLocally(TestNG.java:1137)
at org.testng.TestNG.runSuites(TestNG.java:1049)
at org.testng.TestNG.run(TestNG.java:1017)
at org.testng.remote.AbstractRemoteTestNG.run(AbstractRemoteTestNG.java:114)
at org.testng.remote.RemoteTestNG.initAndRun(RemoteTestNG.java:251)
at org.testng.remote.RemoteTestNG.main(RemoteTestNG.java:77)
]]>
    </failure>
  </testcase> <!-- C2128596_TetsLogin -->
  <testcase name="C2128686_verifySettingsNavBar" classname="com.smarsh.ccm.testEmployees.MGBasicTests">
    <skipped/>
  </testcase> <!-- C2128686_verifySettingsNavBar -->
  <testcase name="C2128686_verifyAdminNavBar" classname="com.smarsh.ccm.testEmployees.MGBasicTests">
    <skipped/>
  </testcase> <!-- C2128686_verifyAdminNavBar -->
  <testcase name="C2128748_editAddedEmp" classname="com.smarsh.ccm.testEmployees.MGBasicTests">
    <skipped/>
  </testcase> <!-- C2128748_editAddedEmp -->
  <testcase name="C2128669_verifyHomePageItems" classname="com.smarsh.ccm.testEmployees.MGBasicTests">
    <skipped/>
  </testcase> <!-- C2128669_verifyHomePageItems -->
  <testcase name="C2128748_updateEmpEmail" classname="com.smarsh.ccm.testEmployees.MGBasicTests">
    <skipped/>
  </testcase> <!-- C2128748_updateEmpEmail -->
  <testcase name="C2128784_verifyEmpListPagination" classname="com.smarsh.ccm.testEmployees.MGBasicTests">
    <skipped/>
  </testcase> <!-- C2128784_verifyEmpListPagination -->
  <testcase name="C2128740_verifyEmpPageUI" classname="com.smarsh.ccm.testEmployees.MGBasicTests">
    <skipped/>
  </testcase> <!-- C2128740_verifyEmpPageUI -->
  <testcase name="C2128686_verifyReportsNavBar" classname="com.smarsh.ccm.testEmployees.MGBasicTests">
    <skipped/>
  </testcase> <!-- C2128686_verifyReportsNavBar -->
  <testcase name="C2128669_verifyEmpSearch" classname="com.smarsh.ccm.testEmployees.MGBasicTests">
    <skipped/>
  </testcase> <!-- C2128669_verifyEmpSearch -->
  <testcase name="C5890693_verify3PLinksinFooter" classname="com.smarsh.ccm.testEmployees.MGBasicTests">
    <skipped/>
  </testcase> <!-- C5890693_verify3PLinksinFooter -->
  <testcase name="C2128686_verifyAlertsNavBar" classname="com.smarsh.ccm.testEmployees.MGBasicTests">
    <skipped/>
  </testcase> <!-- C2128686_verifyAlertsNavBar -->
  <testcase name="C2128595_verifyCopyRightDetailsOnLogin" classname="com.smarsh.ccm.testEmployees.MGBasicTests">
    <skipped/>
  </testcase> <!-- C2128595_verifyCopyRightDetailsOnLogin -->
  <testcase name="C2128741_addEmployee" classname="com.smarsh.ccm.testEmployees.MGBasicTests">
    <skipped/>
  </testcase> <!-- C2128741_addEmployee -->
  <testcase name="C2128687_verifyNavigations" classname="com.smarsh.ccm.testEmployees.MGBasicTests">
    <skipped/>
  </testcase> <!-- C2128687_verifyNavigations -->
  <testcase name="C2128686_verifySrchNavBar" classname="com.smarsh.ccm.testEmployees.MGBasicTests">
    <skipped/>
  </testcase> <!-- C2128686_verifySrchNavBar -->
  <testcase name="C2128687_navigateToEmployees" classname="com.smarsh.ccm.testEmployees.MGBasicTests">
    <skipped/>
  </testcase> <!-- C2128687_navigateToEmployees -->
  <testcase name="searchEmp" classname="com.smarsh.ccm.testEmployees.MGBasicTests">
    <skipped/>
  </testcase> <!-- searchEmp -->
</testsuite> <!-- com.smarsh.ccm.testEmployees.MGBasicTests -->
