<?xml version="1.0" encoding="UTF-8"?>
<!-- Generated by org.testng.reporters.JUnitXMLReporter -->
<testsuite hostname="7480-F6MB4M2" ignored="19" name="Default test" tests="1" failures="0" timestamp="20 Sep 2019 15:09:10 GMT" time="0.04" errors="0">
  <testcase name="@BeforeSuite beforeSuite" time="0.0" classname="com.smarsh.ccm.pages.TestBase">
    <failure type="org.testng.TestNGException" message="
Parameter &amp;apos;browser&amp;apos; is required by BeforeSuite on method beforeSuite but has not been marked @Optional or defined
in C:\Users\sranjan\AppData\Local\Temp\testng-eclipse--900609952\testng-customsuite.xml">
      <![CDATA[org.testng.TestNGException: 
Parameter 'browser' is required by BeforeSuite on method beforeSuite but has not been marked @Optional or defined
in C:\Users\sranjan\AppData\Local\Temp\testng-eclipse--900609952\testng-customsuite.xml
at org.testng.internal.Parameters.createParams(Parameters.java:290)
at org.testng.internal.Parameters.createParametersForMethod(Parameters.java:359)
at org.testng.internal.Parameters.createParameters(Parameters.java:620)
at org.testng.internal.Parameters.createConfigurationParameters(Parameters.java:190)
at org.testng.internal.Invoker.invokeConfigurations(Invoker.java:209)
at org.testng.internal.Invoker.invokeConfigurations(Invoker.java:142)
at org.testng.SuiteRunner.privateRun(SuiteRunner.java:401)
at org.testng.SuiteRunner.run(SuiteRunner.java:364)
at org.testng.SuiteRunnerWorker.runSuite(SuiteRunnerWorker.java:52)
at org.testng.SuiteRunnerWorker.run(SuiteRunnerWorker.java:84)
at org.testng.TestNG.runSuitesSequentially(TestNG.java:1208)
at org.testng.TestNG.runSuitesLocally(TestNG.java:1137)
at org.testng.TestNG.runSuites(TestNG.java:1049)
at org.testng.TestNG.run(TestNG.java:1017)
at org.testng.remote.AbstractRemoteTestNG.run(AbstractRemoteTestNG.java:114)
at org.testng.remote.RemoteTestNG.initAndRun(RemoteTestNG.java:251)
at org.testng.remote.RemoteTestNG.main(RemoteTestNG.java:77)
]]>
    </failure>
  </testcase> <!-- @BeforeSuite beforeSuite -->
  <testcase name="@AfterMethod tearDown" time="0.0" classname="com.smarsh.ccm.testEmployees.MGBasicTests">
    <skipped/>
  </testcase> <!-- @AfterMethod tearDown -->
  <testcase name="C2128686_verifyReportsNavBar" time="0.0" classname="com.smarsh.ccm.testEmployees.MGBasicTests">
    <skipped/>
  </testcase> <!-- C2128686_verifyReportsNavBar -->
  <testcase name="C2128686_verifySettingsNavBar" time="0.0" classname="com.smarsh.ccm.testEmployees.MGBasicTests">
    <ignored/>
  </testcase> <!-- C2128686_verifySettingsNavBar -->
  <testcase name="C2128686_verifyAdminNavBar" time="0.0" classname="com.smarsh.ccm.testEmployees.MGBasicTests">
    <ignored/>
  </testcase> <!-- C2128686_verifyAdminNavBar -->
  <testcase name="C2128748_editAddedEmp" time="0.0" classname="com.smarsh.ccm.testEmployees.MGBasicTests">
    <ignored/>
  </testcase> <!-- C2128748_editAddedEmp -->
  <testcase name="C2128669_verifyHomePageItems" time="0.0" classname="com.smarsh.ccm.testEmployees.MGBasicTests">
    <ignored/>
  </testcase> <!-- C2128669_verifyHomePageItems -->
  <testcase name="C2128748_updateEmpEmail" time="0.0" classname="com.smarsh.ccm.testEmployees.MGBasicTests">
    <ignored/>
  </testcase> <!-- C2128748_updateEmpEmail -->
  <testcase name="C2128784_verifyEmpListPagination" time="0.0" classname="com.smarsh.ccm.testEmployees.MGBasicTests">
    <ignored/>
  </testcase> <!-- C2128784_verifyEmpListPagination -->
  <testcase name="C2128740_verifyEmpPageUI" time="0.0" classname="com.smarsh.ccm.testEmployees.MGBasicTests">
    <ignored/>
  </testcase> <!-- C2128740_verifyEmpPageUI -->
  <testcase name="C2128669_verifyEmpSearch" time="0.0" classname="com.smarsh.ccm.testEmployees.MGBasicTests">
    <ignored/>
  </testcase> <!-- C2128669_verifyEmpSearch -->
  <testcase name="C5890693_verify3PLinksinFooter" time="0.0" classname="com.smarsh.ccm.testEmployees.MGBasicTests">
    <ignored/>
  </testcase> <!-- C5890693_verify3PLinksinFooter -->
  <testcase name="C2128686_verifyAlertsNavBar" time="0.0" classname="com.smarsh.ccm.testEmployees.MGBasicTests">
    <ignored/>
  </testcase> <!-- C2128686_verifyAlertsNavBar -->
  <testcase name="C2128595_isLoginPageDispCorrectly" time="0.0" classname="com.smarsh.ccm.testEmployees.MGBasicTests">
    <ignored/>
  </testcase> <!-- C2128595_isLoginPageDispCorrectly -->
  <testcase name="C2128595_verifyCopyRightDetailsOnLogin" time="0.0" classname="com.smarsh.ccm.testEmployees.MGBasicTests">
    <ignored/>
  </testcase> <!-- C2128595_verifyCopyRightDetailsOnLogin -->
  <testcase name="C2128596_TetsLogin" time="0.0" classname="com.smarsh.ccm.testEmployees.MGBasicTests">
    <ignored/>
  </testcase> <!-- C2128596_TetsLogin -->
  <testcase name="C2128741_addEmployee" time="0.0" classname="com.smarsh.ccm.testEmployees.MGBasicTests">
    <ignored/>
  </testcase> <!-- C2128741_addEmployee -->
  <testcase name="C2128686_verifySrchNavBar" time="0.0" classname="com.smarsh.ccm.testEmployees.MGBasicTests">
    <ignored/>
  </testcase> <!-- C2128686_verifySrchNavBar -->
  <testcase name="C2128687_verifyNavigations" time="0.0" classname="com.smarsh.ccm.testEmployees.MGBasicTests">
    <ignored/>
  </testcase> <!-- C2128687_verifyNavigations -->
  <testcase name="C2128687_navigateToEmployees" time="0.0" classname="com.smarsh.ccm.testEmployees.MGBasicTests">
    <ignored/>
  </testcase> <!-- C2128687_navigateToEmployees -->
  <testcase name="C6059217_verifyRelNot" time="0.0" classname="com.smarsh.ccm.testEmployees.MGBasicTests">
    <ignored/>
  </testcase> <!-- C6059217_verifyRelNot -->
  <testcase name="searchEmp" time="0.0" classname="com.smarsh.ccm.testEmployees.MGBasicTests">
    <ignored/>
  </testcase> <!-- searchEmp -->
</testsuite> <!-- Default test -->
