<?xml version="1.0" encoding="UTF-8"?>
<testng-results skipped="0" failed="2" ignored="17" total="20" passed="1">
  <reporter-output>
  </reporter-output>
  <suite name="MobileGuard Automation" duration-ms="0" started-at="2019-09-23T12:24:14Z" finished-at="2019-09-23T12:24:14Z">
    <groups>
    </groups>
  </suite> <!-- MobileGuard Automation -->
  <suite name="Employees" duration-ms="35182" started-at="2019-09-23T12:23:38Z" finished-at="2019-09-23T12:24:13Z">
    <groups>
    </groups>
    <test name="Employees Tests" duration-ms="35182" started-at="2019-09-23T12:23:38Z" finished-at="2019-09-23T12:24:13Z">
      <class name="com.smarsh.ccm.testEmployees.MGBasicTests">
        <test-method status="PASS" signature="beforeSuite(java.lang.String, java.lang.String, java.lang.String, java.lang.String, java.lang.String, java.lang.String, java.lang.String, java.lang.String, java.lang.String)[pri:0, instance:com.smarsh.ccm.testEmployees.MGBasicTests@478190fc]" name="beforeSuite" is-config="true" duration-ms="12197" started-at="2019-09-23T12:23:25Z" finished-at="2019-09-23T12:23:38Z">
          <params>
            <param index="0">
              <value>
                <![CDATA[firefox]]>
              </value>
            </param>
            <param index="1">
              <value>
                <![CDATA[https://qa.mobileguard.com/]]>
              </value>
            </param>
            <param index="2">
              <value>
                <![CDATA[Sagar.Ranjan@smarsh.com]]>
              </value>
            </param>
            <param index="3">
              <value>
                <![CDATA[facetime]]>
              </value>
            </param>
            <param index="4">
              <value>
                <![CDATA[© 2012–2019 Smarsh Inc., MobileGuard, All Rights Reserved. v3.7]]>
              </value>
            </param>
            <param index="5">
              <value>
                <![CDATA[v3.7]]>
              </value>
            </param>
            <param index="6">
              <value>
                <![CDATA[jdbc:sqlserver://qa.mobileguard.com;database=qa_mobileguard_com]]>
              </value>
            </param>
            <param index="7">
              <value>
                <![CDATA[sagar.ranjan]]>
              </value>
            </param>
            <param index="8">
              <value>
                <![CDATA[bxuY8Adcwe@$2k]]>
              </value>
            </param>
          </params>
          <reporter-output>
          </reporter-output>
        </test-method> <!-- beforeSuite -->
        <test-method status="FAIL" signature="C6059217_verifyRelNot()[pri:0, instance:com.smarsh.ccm.testEmployees.MGBasicTests@478190fc]" name="C6059217_verifyRelNot" duration-ms="11" started-at="2019-09-23T12:23:38Z" finished-at="2019-09-23T12:23:38Z">
          <exception class="java.lang.NullPointerException">
            <full-stacktrace>
              <![CDATA[java.lang.NullPointerException
at com.smarsh.ccm.testEmployees.MGBasicTests.C6059217_verifyRelNot(MGBasicTests.java:126)
at sun.reflect.NativeMethodAccessorImpl.invoke0(Native Method)
at sun.reflect.NativeMethodAccessorImpl.invoke(NativeMethodAccessorImpl.java:62)
at sun.reflect.DelegatingMethodAccessorImpl.invoke(DelegatingMethodAccessorImpl.java:43)
at java.lang.reflect.Method.invoke(Method.java:498)
at org.testng.internal.MethodInvocationHelper.invokeMethod(MethodInvocationHelper.java:124)
at org.testng.internal.Invoker.invokeMethod(Invoker.java:580)
at org.testng.internal.Invoker.invokeTestMethod(Invoker.java:716)
at org.testng.internal.Invoker.invokeTestMethods(Invoker.java:988)
at org.testng.internal.TestMethodWorker.invokeTestMethods(TestMethodWorker.java:125)
at org.testng.internal.TestMethodWorker.run(TestMethodWorker.java:109)
at org.testng.TestRunner.privateRun(TestRunner.java:648)
at org.testng.TestRunner.run(TestRunner.java:505)
at org.testng.SuiteRunner.runTest(SuiteRunner.java:455)
at org.testng.SuiteRunner.runSequentially(SuiteRunner.java:450)
at org.testng.SuiteRunner.privateRun(SuiteRunner.java:415)
at org.testng.SuiteRunner.run(SuiteRunner.java:364)
at org.testng.SuiteRunnerWorker.runSuite(SuiteRunnerWorker.java:52)
at org.testng.SuiteRunnerWorker.run(SuiteRunnerWorker.java:84)
at org.testng.TestNG.runSuitesSequentially(TestNG.java:1208)
at org.testng.TestNG.runSuitesSequentially(TestNG.java:1204)
at org.testng.TestNG.runSuitesLocally(TestNG.java:1137)
at org.testng.TestNG.runSuites(TestNG.java:1049)
at org.testng.TestNG.run(TestNG.java:1017)
at org.testng.remote.AbstractRemoteTestNG.run(AbstractRemoteTestNG.java:114)
at org.testng.remote.RemoteTestNG.initAndRun(RemoteTestNG.java:251)
at org.testng.remote.RemoteTestNG.main(RemoteTestNG.java:77)
]]>
            </full-stacktrace>
          </exception> <!-- java.lang.NullPointerException -->
          <reporter-output>
          </reporter-output>
        </test-method> <!-- C6059217_verifyRelNot -->
        <test-method status="PASS" signature="tearDown(org.testng.ITestResult)[pri:0, instance:com.smarsh.ccm.testEmployees.MGBasicTests@478190fc]" name="tearDown" is-config="true" duration-ms="3" started-at="2019-09-23T12:23:38Z" finished-at="2019-09-23T12:23:38Z">
          <params>
            <param index="0">
              <value>
                <![CDATA[[TestResult name=C6059217_verifyRelNot status=FAILURE method=MGBasicTests.C6059217_verifyRelNot()[pri:0, instance:com.smarsh.ccm.testEmployees.MGBasicTests@478190fc] output={null}]]]>
              </value>
            </param>
          </params>
          <reporter-output>
          </reporter-output>
        </test-method> <!-- tearDown -->
        <test-method status="PASS" signature="C2128595_isLoginPageDispCorrectly()[pri:1, instance:com.smarsh.ccm.testEmployees.MGBasicTests@478190fc]" name="C2128595_isLoginPageDispCorrectly" duration-ms="8836" started-at="2019-09-23T12:23:38Z" finished-at="2019-09-23T12:23:46Z">
          <reporter-output>
          </reporter-output>
        </test-method> <!-- C2128595_isLoginPageDispCorrectly -->
        <test-method status="PASS" signature="tearDown(org.testng.ITestResult)[pri:0, instance:com.smarsh.ccm.testEmployees.MGBasicTests@478190fc]" name="tearDown" is-config="true" duration-ms="1" started-at="2019-09-23T12:23:46Z" finished-at="2019-09-23T12:23:46Z">
          <params>
            <param index="0">
              <value>
                <![CDATA[[TestResult name=C2128595_isLoginPageDispCorrectly status=SUCCESS method=MGBasicTests.C2128595_isLoginPageDispCorrectly()[pri:1, instance:com.smarsh.ccm.testEmployees.MGBasicTests@478190fc] output={null}]]]>
              </value>
            </param>
          </params>
          <reporter-output>
          </reporter-output>
        </test-method> <!-- tearDown -->
        <test-method status="FAIL" signature="C2128596_TetsLogin()[pri:3, instance:com.smarsh.ccm.testEmployees.MGBasicTests@478190fc]" name="C2128596_TetsLogin" duration-ms="26292" started-at="2019-09-23T12:23:46Z" finished-at="2019-09-23T12:24:13Z">
          <exception class="java.lang.AssertionError">
            <message>
              <![CDATA[expected [true] but found [false]]]>
            </message>
            <full-stacktrace>
              <![CDATA[java.lang.AssertionError: expected [true] but found [false]
at org.testng.Assert.fail(Assert.java:96)
at org.testng.Assert.failNotEquals(Assert.java:776)
at org.testng.Assert.assertTrue(Assert.java:44)
at org.testng.Assert.assertTrue(Assert.java:54)
at com.smarsh.ccm.testEmployees.MGBasicTests.C2128596_TetsLogin(MGBasicTests.java:119)
at sun.reflect.NativeMethodAccessorImpl.invoke0(Native Method)
at sun.reflect.NativeMethodAccessorImpl.invoke(NativeMethodAccessorImpl.java:62)
at sun.reflect.DelegatingMethodAccessorImpl.invoke(DelegatingMethodAccessorImpl.java:43)
at java.lang.reflect.Method.invoke(Method.java:498)
at org.testng.internal.MethodInvocationHelper.invokeMethod(MethodInvocationHelper.java:124)
at org.testng.internal.Invoker.invokeMethod(Invoker.java:580)
at org.testng.internal.Invoker.invokeTestMethod(Invoker.java:716)
at org.testng.internal.Invoker.invokeTestMethods(Invoker.java:988)
at org.testng.internal.TestMethodWorker.invokeTestMethods(TestMethodWorker.java:125)
at org.testng.internal.TestMethodWorker.run(TestMethodWorker.java:109)
at org.testng.TestRunner.privateRun(TestRunner.java:648)
at org.testng.TestRunner.run(TestRunner.java:505)
at org.testng.SuiteRunner.runTest(SuiteRunner.java:455)
at org.testng.SuiteRunner.runSequentially(SuiteRunner.java:450)
at org.testng.SuiteRunner.privateRun(SuiteRunner.java:415)
at org.testng.SuiteRunner.run(SuiteRunner.java:364)
at org.testng.SuiteRunnerWorker.runSuite(SuiteRunnerWorker.java:52)
at org.testng.SuiteRunnerWorker.run(SuiteRunnerWorker.java:84)
at org.testng.TestNG.runSuitesSequentially(TestNG.java:1208)
at org.testng.TestNG.runSuitesSequentially(TestNG.java:1204)
at org.testng.TestNG.runSuitesLocally(TestNG.java:1137)
at org.testng.TestNG.runSuites(TestNG.java:1049)
at org.testng.TestNG.run(TestNG.java:1017)
at org.testng.remote.AbstractRemoteTestNG.run(AbstractRemoteTestNG.java:114)
at org.testng.remote.RemoteTestNG.initAndRun(RemoteTestNG.java:251)
at org.testng.remote.RemoteTestNG.main(RemoteTestNG.java:77)
]]>
            </full-stacktrace>
          </exception> <!-- java.lang.AssertionError -->
          <reporter-output>
          </reporter-output>
        </test-method> <!-- C2128596_TetsLogin -->
        <test-method status="PASS" signature="tearDown(org.testng.ITestResult)[pri:0, instance:com.smarsh.ccm.testEmployees.MGBasicTests@478190fc]" name="tearDown" is-config="true" duration-ms="1" started-at="2019-09-23T12:24:13Z" finished-at="2019-09-23T12:24:13Z">
          <params>
            <param index="0">
              <value>
                <![CDATA[[TestResult name=C2128596_TetsLogin status=FAILURE method=MGBasicTests.C2128596_TetsLogin()[pri:3, instance:com.smarsh.ccm.testEmployees.MGBasicTests@478190fc] output={null}]]]>
              </value>
            </param>
          </params>
          <reporter-output>
          </reporter-output>
        </test-method> <!-- tearDown -->
        <test-method status="PASS" signature="afterSuite()[pri:0, instance:com.smarsh.ccm.testEmployees.MGBasicTests@478190fc]" name="afterSuite" is-config="true" duration-ms="1017" started-at="2019-09-23T12:24:13Z" finished-at="2019-09-23T12:24:14Z">
          <reporter-output>
          </reporter-output>
        </test-method> <!-- afterSuite -->
      </class> <!-- com.smarsh.ccm.testEmployees.MGBasicTests -->
    </test> <!-- Employees Tests -->
  </suite> <!-- Employees -->
</testng-results>
